Build started 2015/10/4 17:48:08.
     1>Project "C:\Users\zhao\Desktop\mysend\mysend\mysend.vcxproj" on node 2 (build target(s)).
     1>InitializeBuildStatus:
         Touching "Debug\mysend.unsuccessfulbuild".
       ClCompile:
         All outputs are up-to-date.
         D:\vs2010\Microsoft Visual Studio 10.0\VC\bin\CL.exe /c /ZI /nologo /W3 /WX- /Od /Oy- /D WIN32 /D _DEBUG /D _CONSOLE /D _UNICODE /D UNICODE /Gm /EHsc /RTC1 /MDd /GS /fp:precise /Zc:wchar_t /Zc:forScope /Yc"StdAfx.h" /Fp"Debug\mysend.pch" /Fo"Debug\\" /Fd"Debug\vc100.pdb" /Gd /TP /analyze- /errorReport:prompt stdafx.cpp
         stdafx.cpp
         D:\vs2010\Microsoft Visual Studio 10.0\VC\bin\CL.exe /c /ZI /nologo /W3 /WX- /Od /Oy- /D WIN32 /D _DEBUG /D _CONSOLE /D _UNICODE /D UNICODE /Gm /EHsc /RTC1 /MDd /GS /fp:precise /Zc:wchar_t /Zc:forScope /Yu"StdAfx.h" /Fp"Debug\mysend.pch" /Fo"Debug\\" /Fd"Debug\vc100.pdb" /Gd /TP /analyze- /errorReport:prompt mysend.cpp
         mysend.cpp
     1>d:\opencv\opencv2.3\build\include\opencv2\flann\logger.h(70): warning C4996: 'fopen': This function or variable may be unsafe. Consider using fopen_s instead. To disable deprecation, use _CRT_SECURE_NO_WARNINGS. See online help for details.
                 d:\vs2010\microsoft visual studio 10.0\vc\include\stdio.h(234) : see declaration of 'fopen'
     1>c:\users\zhao\desktop\mysend\mysend\mysend.cpp(74): warning C4996: 'fopen': This function or variable may be unsafe. Consider using fopen_s instead. To disable deprecation, use _CRT_SECURE_NO_WARNINGS. See online help for details.
                 d:\vs2010\microsoft visual studio 10.0\vc\include\stdio.h(234) : see declaration of 'fopen'
     1>c:\users\zhao\desktop\mysend\mysend\mysend.cpp(90): warning C4996: 'fopen': This function or variable may be unsafe. Consider using fopen_s instead. To disable deprecation, use _CRT_SECURE_NO_WARNINGS. See online help for details.
                 d:\vs2010\microsoft visual studio 10.0\vc\include\stdio.h(234) : see declaration of 'fopen'
       ManifestResourceCompile:
         All outputs are up-to-date.
       Link:
         D:\vs2010\Microsoft Visual Studio 10.0\VC\bin\link.exe /ERRORREPORT:PROMPT /OUT:"C:\Users\zhao\Desktop\mysend\Debug\mysend.exe" /INCREMENTAL /NOLOGO opencv_core230d.lib opencv_highgui230d.lib opencv_video230d.lib opencv_ml230d.lib opencv_legacy230d.lib opencv_imgproc230d.lib opencv_calib3d230.lib opencv_calib3d230d.lib kernel32.lib user32.lib gdi32.lib winspool.lib comdlg32.lib advapi32.lib shell32.lib ole32.lib oleaut32.lib uuid.lib odbc32.lib odbccp32.lib /MANIFEST /ManifestFile:"Debug\mysend.exe.intermediate.manifest" /MANIFESTUAC:"level='asInvoker' uiAccess='false'" /DEBUG /PDB:"C:\Users\zhao\Desktop\mysend\Debug\mysend.pdb" /SUBSYSTEM:CONSOLE /TLBID:1 /DYNAMICBASE /NXCOMPAT /IMPLIB:"C:\Users\zhao\Desktop\mysend\Debug\mysend.lib" /MACHINE:X86 Debug\mysend.exe.embed.manifest.res
         Debug\mysend.obj
         Debug\stdafx.obj
       Manifest:
         C:\Program Files\Microsoft SDKs\Windows\v7.0A\bin\mt.exe /nologo /verbose /out:"Debug\mysend.exe.embed.manifest" /manifest Debug\mysend.exe.intermediate.manifest
         All outputs are up-to-date.
       LinkEmbedManifest:
         All outputs are up-to-date.
         mysend.vcxproj -> C:\Users\zhao\Desktop\mysend\Debug\mysend.exe
       FinalizeBuildStatus:
         Deleting file "Debug\mysend.unsuccessfulbuild".
         Touching "Debug\mysend.lastbuildstate".
     1>Done Building Project "C:\Users\zhao\Desktop\mysend\mysend\mysend.vcxproj" (build target(s)).

Build succeeded.

Time Elapsed 00:00:03.44
