C:\USERS\ZHAO\DESKTOP\MYSEND\DEBUG\MYSEND.EXE
C:\USERS\ZHAO\DESKTOP\MYSEND\DEBUG\MYSEND.ILK
C:\USERS\ZHAO\DESKTOP\MYSEND\DEBUG\MYSEND.PDB
C:\Users\zhao\Desktop\mysend\mysend\Debug\cl.command.1.tlog
C:\Users\zhao\Desktop\mysend\mysend\Debug\CL.read.1.tlog
C:\Users\zhao\Desktop\mysend\mysend\Debug\CL.write.1.tlog
C:\Users\zhao\Desktop\mysend\mysend\Debug\link.5684.read.1.tlog
C:\Users\zhao\Desktop\mysend\mysend\Debug\link.5684.write.1.tlog
C:\Users\zhao\Desktop\mysend\mysend\Debug\link.5684-cvtres.read.1.tlog
C:\Users\zhao\Desktop\mysend\mysend\Debug\link.5684-cvtres.write.1.tlog
C:\Users\zhao\Desktop\mysend\mysend\Debug\link.command.1.tlog
C:\Users\zhao\Desktop\mysend\mysend\Debug\link.read.1.tlog
C:\Users\zhao\Desktop\mysend\mysend\Debug\link.write.1.tlog
C:\Users\zhao\Desktop\mysend\mysend\Debug\link-cvtres.read.1.tlog
C:\Users\zhao\Desktop\mysend\mysend\Debug\link-cvtres.write.1.tlog
C:\Users\zhao\Desktop\mysend\mysend\Debug\mt.command.1.tlog
C:\Users\zhao\Desktop\mysend\mysend\Debug\mt.read.1.tlog
C:\Users\zhao\Desktop\mysend\mysend\Debug\mt.write.1.tlog
C:\Users\zhao\Desktop\mysend\mysend\Debug\mysend.exe.embed.manifest
C:\USERS\ZHAO\DESKTOP\MYSEND\MYSEND\DEBUG\MYSEND.EXE.EMBED.MANIFEST.RES
C:\USERS\ZHAO\DESKTOP\MYSEND\MYSEND\DEBUG\MYSEND.EXE.INTERMEDIATE.MANIFEST
C:\USERS\ZHAO\DESKTOP\MYSEND\MYSEND\DEBUG\MYSEND.OBJ
C:\USERS\ZHAO\DESKTOP\MYSEND\MYSEND\DEBUG\MYSEND.PCH
C:\Users\zhao\Desktop\mysend\mysend\Debug\mysend_manifest.rc
C:\Users\zhao\Desktop\mysend\mysend\Debug\rc.command.1.tlog
C:\Users\zhao\Desktop\mysend\mysend\Debug\rc.read.1.tlog
C:\Users\zhao\Desktop\mysend\mysend\Debug\rc.write.1.tlog
C:\USERS\ZHAO\DESKTOP\MYSEND\MYSEND\DEBUG\STDAFX.OBJ
C:\Users\zhao\Desktop\mysend\mysend\Debug\vc100.idb
C:\USERS\ZHAO\DESKTOP\MYSEND\MYSEND\DEBUG\VC100.PDB
F:\WORKSPACE\MYSEND\DEBUG\MYSEND.EXE
F:\WORKSPACE\MYSEND\DEBUG\MYSEND.ILK
F:\WORKSPACE\MYSEND\DEBUG\MYSEND.PDB
F:\WORKSPACE\MYSEND\MYSEND\DEBUG\MYSEND.EXE.EMBED.MANIFEST
F:\WORKSPACE\MYSEND\MYSEND\DEBUG\MYSEND.EXE.EMBED.MANIFEST.RES
F:\WORKSPACE\MYSEND\MYSEND\DEBUG\MYSEND.EXE.INTERMEDIATE.MANIFEST
F:\WORKSPACE\MYSEND\MYSEND\DEBUG\MYSEND.OBJ
F:\WORKSPACE\MYSEND\MYSEND\DEBUG\MYSEND.PCH
F:\WORKSPACE\MYSEND\MYSEND\DEBUG\STDAFX.OBJ
F:\WORKSPACE\MYSEND\MYSEND\DEBUG\VC100.PDB
F:\赵庆会+王喜乐\打电话手势\MYSEND\MYSEND\DEBUG\MYSEND.EXE.EMBED.MANIFEST.RES
F:\赵庆会+王喜乐\打电话手势\MYSEND\MYSEND\DEBUG\MYSEND.OBJ
F:\赵庆会+王喜乐\打电话手势\MYSEND\MYSEND\DEBUG\MYSEND.PCH
F:\赵庆会+王喜乐\打电话手势\MYSEND\MYSEND\DEBUG\STDAFX.OBJ
F:\赵庆会+王喜乐\打电话手势\MYSEND\MYSEND\DEBUG\VC100.PDB
