F:\智能手术室20151003\科技感手术室\BEIJINGHAND20151003\BEIJINGHAND\RELEASE\BEIJINGHAND.EXE.INTERMEDIATE.MANIFEST
F:\智能手术室20151003\科技感手术室\BEIJINGHAND20151003\BEIJINGHAND\RELEASE\BEIJINGHAND.OBJ
F:\智能手术室20151003\科技感手术室\BEIJINGHAND20151003\BEIJINGHAND\RELEASE\BEIJINGHAND.PCH
F:\智能手术室20151003\科技感手术室\BEIJINGHAND20151003\BEIJINGHAND\RELEASE\BEIJINGHAND.RES
F:\智能手术室20151003\科技感手术室\BEIJINGHAND20151003\BEIJINGHAND\RELEASE\BEIJINGHANDDLG.OBJ
F:\智能手术室20151003\科技感手术室\BEIJINGHAND20151003\BEIJINGHAND\RELEASE\CHMXSTATIC.OBJ
F:\智能手术室20151003\科技感手术室\beijinghand20151003\beijinghand\Release\cl.command.1.tlog
F:\智能手术室20151003\科技感手术室\beijinghand20151003\beijinghand\Release\CL.read.1.tlog
F:\智能手术室20151003\科技感手术室\beijinghand20151003\beijinghand\Release\CL.write.1.tlog
F:\智能手术室20151003\科技感手术室\BEIJINGHAND20151003\BEIJINGHAND\RELEASE\CVVIMAGE.OBJ
F:\智能手术室20151003\科技感手术室\BEIJINGHAND20151003\BEIJINGHAND\RELEASE\DJWSTATIC.OBJ
F:\智能手术室20151003\科技感手术室\beijinghand20151003\beijinghand\Release\link.command.1.tlog
F:\智能手术室20151003\科技感手术室\beijinghand20151003\beijinghand\Release\link.read.1.tlog
F:\智能手术室20151003\科技感手术室\beijinghand20151003\beijinghand\Release\link.write.1.tlog
F:\智能手术室20151003\科技感手术室\beijinghand20151003\beijinghand\Release\link-cvtres.read.1.tlog
F:\智能手术室20151003\科技感手术室\beijinghand20151003\beijinghand\Release\link-cvtres.write.1.tlog
F:\智能手术室20151003\科技感手术室\beijinghand20151003\beijinghand\Release\mt.command.1.tlog
F:\智能手术室20151003\科技感手术室\beijinghand20151003\beijinghand\Release\mt.read.1.tlog
F:\智能手术室20151003\科技感手术室\beijinghand20151003\beijinghand\Release\mt.write.1.tlog
F:\智能手术室20151003\科技感手术室\BEIJINGHAND20151003\BEIJINGHAND\RELEASE\PHONEDLG.OBJ
F:\智能手术室20151003\科技感手术室\beijinghand20151003\beijinghand\Release\rc.command.1.tlog
F:\智能手术室20151003\科技感手术室\beijinghand20151003\beijinghand\Release\rc.read.1.tlog
F:\智能手术室20151003\科技感手术室\beijinghand20151003\beijinghand\Release\rc.write.1.tlog
F:\智能手术室20151003\科技感手术室\BEIJINGHAND20151003\BEIJINGHAND\RELEASE\READING.OBJ
F:\智能手术室20151003\科技感手术室\BEIJINGHAND20151003\BEIJINGHAND\RELEASE\STDAFX.OBJ
F:\智能手术室20151003\科技感手术室\BEIJINGHAND20151003\BEIJINGHAND\RELEASE\VC100.PDB
F:\智能手术室20151003\科技感手术室\BEIJINGHAND20151003\BEIJINGHAND\RELEASE\YAOC.OBJ
F:\智能手术室20151003\科技感手术室\BEIJINGHAND20151003\RELEASE\BEIJINGHAND.EXE
F:\智能手术室20151003\科技感手术室\BEIJINGHAND20151003\RELEASE\BEIJINGHAND.PDB
