Build started 2015/10/4 17:55:24.
     1>Project "C:\Users\zhao\Desktop\mysend\mysend\mysend.vcxproj" on node 2 (build target(s)).
     1>InitializeBuildStatus:
         Creating "Release\mysend.unsuccessfulbuild" because "AlwaysCreate" was specified.
       ClCompile:
         D:\vs2010\Microsoft Visual Studio 10.0\VC\bin\CL.exe /c /Zi /nologo /W3 /WX- /O2 /Oi /Oy- /GL /D WIN32 /D NDEBUG /D _CONSOLE /D _UNICODE /D UNICODE /Gm- /EHsc /MD /GS /Gy /fp:precise /Zc:wchar_t /Zc:forScope /Yc"StdAfx.h" /Fp"Release\mysend.pch" /Fo"Release\\" /Fd"Release\vc100.pdb" /Gd /TP /analyze- /errorReport:prompt stdafx.cpp
         stdafx.cpp
         D:\vs2010\Microsoft Visual Studio 10.0\VC\bin\CL.exe /c /Zi /nologo /W3 /WX- /O2 /Oi /Oy- /GL /D WIN32 /D NDEBUG /D _CONSOLE /D _UNICODE /D UNICODE /Gm- /EHsc /MD /GS /Gy /fp:precise /Zc:wchar_t /Zc:forScope /Yu"StdAfx.h" /Fp"Release\mysend.pch" /Fo"Release\\" /Fd"Release\vc100.pdb" /Gd /TP /analyze- /errorReport:prompt mysend.cpp
         mysend.cpp
     1>D:\OpenCV\OpenCV2.3\build\include\opencv2/flann/logger.h(70): warning C4996: 'fopen': This function or variable may be unsafe. Consider using fopen_s instead. To disable deprecation, use _CRT_SECURE_NO_WARNINGS. See online help for details.
                 D:\vs2010\Microsoft Visual Studio 10.0\VC\include\stdio.h(234) : see declaration of 'fopen'
     1>mysend.cpp(74): warning C4996: 'fopen': This function or variable may be unsafe. Consider using fopen_s instead. To disable deprecation, use _CRT_SECURE_NO_WARNINGS. See online help for details.
                 D:\vs2010\Microsoft Visual Studio 10.0\VC\include\stdio.h(234) : see declaration of 'fopen'
     1>mysend.cpp(90): warning C4996: 'fopen': This function or variable may be unsafe. Consider using fopen_s instead. To disable deprecation, use _CRT_SECURE_NO_WARNINGS. See online help for details.
                 D:\vs2010\Microsoft Visual Studio 10.0\VC\include\stdio.h(234) : see declaration of 'fopen'
       Link:
         D:\vs2010\Microsoft Visual Studio 10.0\VC\bin\link.exe /ERRORREPORT:PROMPT /OUT:"C:\Users\zhao\Desktop\mysend\Release\mysend.exe" /INCREMENTAL:NO /NOLOGO opencv_core230.lib opencv_highgui230.lib opencv_video230.lib opencv_legacy230.lib opencv_imgproc230.lib opencv_calib3d230.lib kernel32.lib user32.lib gdi32.lib winspool.lib comdlg32.lib advapi32.lib shell32.lib ole32.lib oleaut32.lib uuid.lib odbc32.lib odbccp32.lib /MANIFEST /ManifestFile:"Release\mysend.exe.intermediate.manifest" /MANIFESTUAC:"level='asInvoker' uiAccess='false'" /PDB:"C:\Users\zhao\Desktop\mysend\Release\mysend.pdb" /SUBSYSTEM:CONSOLE /OPT:REF /OPT:ICF /LTCG /TLBID:1 /DYNAMICBASE /NXCOMPAT /IMPLIB:"C:\Users\zhao\Desktop\mysend\Release\mysend.lib" /MACHINE:X86 Release\mysend.obj
         Release\stdafx.obj
         Generating code
         Finished generating code
         mysend.vcxproj -> C:\Users\zhao\Desktop\mysend\Release\mysend.exe
       Manifest:
         C:\Program Files\Microsoft SDKs\Windows\v7.0A\bin\mt.exe /nologo /verbose /outputresource:"C:\Users\zhao\Desktop\mysend\Release\mysend.exe;#1" /manifest Release\mysend.exe.intermediate.manifest
       FinalizeBuildStatus:
         Deleting file "Release\mysend.unsuccessfulbuild".
         Touching "Release\mysend.lastbuildstate".
     1>Done Building Project "C:\Users\zhao\Desktop\mysend\mysend\mysend.vcxproj" (build target(s)).

Build succeeded.

Time Elapsed 00:00:02.01
