F:\智能手术室20151003\质朴的手术室\BEIJINGHAND2015102\BEIJINGHAND\BEIJINGHAND\DEBUG\BEIJINGHAND.EXE.EMBED.MANIFEST
F:\智能手术室20151003\质朴的手术室\BEIJINGHAND2015102\BEIJINGHAND\BEIJINGHAND\DEBUG\BEIJINGHAND.EXE.EMBED.MANIFEST.RES
F:\智能手术室20151003\质朴的手术室\BEIJINGHAND2015102\BEIJINGHAND\BEIJINGHAND\DEBUG\BEIJINGHAND.EXE.INTERMEDIATE.MANIFEST
F:\智能手术室20151003\质朴的手术室\BEIJINGHAND2015102\BEIJINGHAND\BEIJINGHAND\DEBUG\BEIJINGHAND.OBJ
F:\智能手术室20151003\质朴的手术室\BEIJINGHAND2015102\BEIJINGHAND\BEIJINGHAND\DEBUG\BEIJINGHAND.PCH
F:\智能手术室20151003\质朴的手术室\BEIJINGHAND2015102\BEIJINGHAND\BEIJINGHAND\DEBUG\BEIJINGHAND.RES
F:\智能手术室20151003\质朴的手术室\beijinghand2015102\beijinghand\beijinghand\Debug\beijinghand_manifest.rc
F:\智能手术室20151003\质朴的手术室\BEIJINGHAND2015102\BEIJINGHAND\BEIJINGHAND\DEBUG\BEIJINGHANDDLG.OBJ
F:\智能手术室20151003\质朴的手术室\BEIJINGHAND2015102\BEIJINGHAND\BEIJINGHAND\DEBUG\CHMXSTATIC.OBJ
F:\智能手术室20151003\质朴的手术室\beijinghand2015102\beijinghand\beijinghand\Debug\cl.command.1.tlog
F:\智能手术室20151003\质朴的手术室\beijinghand2015102\beijinghand\beijinghand\Debug\CL.read.1.tlog
F:\智能手术室20151003\质朴的手术室\beijinghand2015102\beijinghand\beijinghand\Debug\CL.write.1.tlog
F:\智能手术室20151003\质朴的手术室\BEIJINGHAND2015102\BEIJINGHAND\BEIJINGHAND\DEBUG\CVVIMAGE.OBJ
F:\智能手术室20151003\质朴的手术室\BEIJINGHAND2015102\BEIJINGHAND\BEIJINGHAND\DEBUG\DJWSTATIC.OBJ
F:\智能手术室20151003\质朴的手术室\beijinghand2015102\beijinghand\beijinghand\Debug\link.command.1.tlog
F:\智能手术室20151003\质朴的手术室\beijinghand2015102\beijinghand\beijinghand\Debug\link.read.1.tlog
F:\智能手术室20151003\质朴的手术室\beijinghand2015102\beijinghand\beijinghand\Debug\link.write.1.tlog
F:\智能手术室20151003\质朴的手术室\beijinghand2015102\beijinghand\beijinghand\Debug\link-cvtres.read.1.tlog
F:\智能手术室20151003\质朴的手术室\beijinghand2015102\beijinghand\beijinghand\Debug\link-cvtres.write.1.tlog
F:\智能手术室20151003\质朴的手术室\beijinghand2015102\beijinghand\beijinghand\Debug\mt.command.1.tlog
F:\智能手术室20151003\质朴的手术室\beijinghand2015102\beijinghand\beijinghand\Debug\mt.read.1.tlog
F:\智能手术室20151003\质朴的手术室\beijinghand2015102\beijinghand\beijinghand\Debug\mt.write.1.tlog
F:\智能手术室20151003\质朴的手术室\BEIJINGHAND2015102\BEIJINGHAND\BEIJINGHAND\DEBUG\PHONEDLG.OBJ
F:\智能手术室20151003\质朴的手术室\beijinghand2015102\beijinghand\beijinghand\Debug\rc.command.1.tlog
F:\智能手术室20151003\质朴的手术室\beijinghand2015102\beijinghand\beijinghand\Debug\rc.read.1.tlog
F:\智能手术室20151003\质朴的手术室\beijinghand2015102\beijinghand\beijinghand\Debug\rc.write.1.tlog
F:\智能手术室20151003\质朴的手术室\BEIJINGHAND2015102\BEIJINGHAND\BEIJINGHAND\DEBUG\READING.OBJ
F:\智能手术室20151003\质朴的手术室\BEIJINGHAND2015102\BEIJINGHAND\BEIJINGHAND\DEBUG\STDAFX.OBJ
F:\智能手术室20151003\质朴的手术室\beijinghand2015102\beijinghand\beijinghand\Debug\vc100.idb
F:\智能手术室20151003\质朴的手术室\BEIJINGHAND2015102\BEIJINGHAND\BEIJINGHAND\DEBUG\VC100.PDB
F:\智能手术室20151003\质朴的手术室\BEIJINGHAND2015102\BEIJINGHAND\BEIJINGHAND\DEBUG\YAOC.OBJ
F:\智能手术室20151003\质朴的手术室\BEIJINGHAND2015102\BEIJINGHAND\DEBUG\BEIJINGHAND.EXE
F:\智能手术室20151003\质朴的手术室\BEIJINGHAND2015102\BEIJINGHAND\DEBUG\BEIJINGHAND.ILK
F:\智能手术室20151003\质朴的手术室\BEIJINGHAND2015102\BEIJINGHAND\DEBUG\BEIJINGHAND.PDB
